<?xml version="1.0" encoding="UTF-8"?>
<testsuite xmlns:xsi="http://www.w3.org/2001/XMLSchema-instance" xsi:noNamespaceSchemaLocation="https://maven.apache.org/surefire/maven-surefire-plugin/xsd/surefire-test-report-3.0.xsd" version="3.0" name="com.keycloak.AddingUser.AddingUserApplicationTests" time="5.329" tests="1" errors="0" skipped="0" failures="0">
  <properties>
    <property name="java.specification.version" value="17"/>
    <property name="sun.cpu.isalist" value="amd64"/>
    <property name="sun.jnu.encoding" value="Cp1252"/>
    <property name="java.class.path" value="D:\AddingUser\target\test-classes;D:\AddingUser\target\classes;C:\Users\taru.jain\.m2\repository\org\keycloak\keycloak-spring-boot-starter\23.0.2\keycloak-spring-boot-starter-23.0.2.jar;C:\Users\taru.jain\.m2\repository\org\keycloak\keycloak-spring-boot-2-adapter\23.0.2\keycloak-spring-boot-2-adapter-23.0.2.jar;C:\Users\taru.jain\.m2\repository\org\keycloak\keycloak-spring-boot-adapter-core\23.0.2\keycloak-spring-boot-adapter-core-23.0.2.jar;C:\Users\taru.jain\.m2\repository\org\jboss\logging\jboss-logging\3.5.3.Final\jboss-logging-3.5.3.Final.jar;C:\Users\taru.jain\.m2\repository\org\keycloak\keycloak-authz-client\23.0.2\keycloak-authz-client-23.0.2.jar;C:\Users\taru.jain\.m2\repository\org\springframework\boot\spring-boot-starter\3.2.0\spring-boot-starter-3.2.0.jar;C:\Users\taru.jain\.m2\repository\org\springframework\boot\spring-boot-starter-logging\3.2.0\spring-boot-starter-logging-3.2.0.jar;C:\Users\taru.jain\.m2\repository\ch\qos\logback\logback-classic\1.4.11\logback-classic-1.4.11.jar;C:\Users\taru.jain\.m2\repository\ch\qos\logback\logback-core\1.4.11\logback-core-1.4.11.jar;C:\Users\taru.jain\.m2\repository\org\apache\logging\log4j\log4j-to-slf4j\2.21.1\log4j-to-slf4j-2.21.1.jar;C:\Users\taru.jain\.m2\repository\org\apache\logging\log4j\log4j-api\2.21.1\log4j-api-2.21.1.jar;C:\Users\taru.jain\.m2\repository\org\slf4j\jul-to-slf4j\2.0.9\jul-to-slf4j-2.0.9.jar;C:\Users\taru.jain\.m2\repository\jakarta\annotation\jakarta.annotation-api\2.1.1\jakarta.annotation-api-2.1.1.jar;C:\Users\taru.jain\.m2\repository\org\yaml\snakeyaml\2.2\snakeyaml-2.2.jar;C:\Users\taru.jain\.m2\repository\org\keycloak\spring-boot-container-bundle\23.0.2\spring-boot-container-bundle-23.0.2.jar;C:\Users\taru.jain\.m2\repository\org\keycloak\keycloak-adapter-core\23.0.2\keycloak-adapter-core-23.0.2.jar;C:\Users\taru.jain\.m2\repository\org\keycloak\keycloak-crypto-default\23.0.2\keycloak-crypto-default-23.0.2.jar;C:\Users\taru.jain\.m2\repository\org\keycloak\keycloak-server-spi\23.0.2\keycloak-server-spi-23.0.2.jar;C:\Users\taru.jain\.m2\repository\org\keycloak\keycloak-server-spi-private\23.0.2\keycloak-server-spi-private-23.0.2.jar;C:\Users\taru.jain\.m2\repository\org\bouncycastle\bcpkix-jdk18on\1.74\bcpkix-jdk18on-1.74.jar;C:\Users\taru.jain\.m2\repository\org\bouncycastle\bcutil-jdk18on\1.74\bcutil-jdk18on-1.74.jar;C:\Users\taru.jain\.m2\repository\org\keycloak\keycloak-spring-security-adapter\23.0.2\keycloak-spring-security-adapter-23.0.2.jar;C:\Users\taru.jain\.m2\repository\org\keycloak\keycloak-adapter-spi\23.0.2\keycloak-adapter-spi-23.0.2.jar;C:\Users\taru.jain\.m2\repository\org\keycloak\keycloak-policy-enforcer\23.0.2\keycloak-policy-enforcer-23.0.2.jar;C:\Users\taru.jain\.m2\repository\org\slf4j\slf4j-api\2.0.9\slf4j-api-2.0.9.jar;C:\Users\taru.jain\.m2\repository\org\bouncycastle\bcprov-jdk18on\1.74\bcprov-jdk18on-1.74.jar;C:\Users\taru.jain\.m2\repository\com\fasterxml\jackson\core\jackson-core\2.15.3\jackson-core-2.15.3.jar;C:\Users\taru.jain\.m2\repository\com\fasterxml\jackson\core\jackson-databind\2.15.3\jackson-databind-2.15.3.jar;C:\Users\taru.jain\.m2\repository\com\fasterxml\jackson\core\jackson-annotations\2.15.3\jackson-annotations-2.15.3.jar;C:\Users\taru.jain\.m2\repository\org\springframework\boot\spring-boot-starter-security\3.2.0\spring-boot-starter-security-3.2.0.jar;C:\Users\taru.jain\.m2\repository\org\springframework\spring-aop\6.1.1\spring-aop-6.1.1.jar;C:\Users\taru.jain\.m2\repository\org\springframework\spring-beans\6.1.1\spring-beans-6.1.1.jar;C:\Users\taru.jain\.m2\repository\org\springframework\security\spring-security-config\6.2.0\spring-security-config-6.2.0.jar;C:\Users\taru.jain\.m2\repository\org\springframework\spring-context\6.1.1\spring-context-6.1.1.jar;C:\Users\taru.jain\.m2\repository\org\springframework\security\spring-security-web\6.2.0\spring-security-web-6.2.0.jar;C:\Users\taru.jain\.m2\repository\org\springframework\spring-expression\6.1.1\spring-expression-6.1.1.jar;C:\Users\taru.jain\.m2\repository\org\springframework\boot\spring-boot-starter-web\3.2.0\spring-boot-starter-web-3.2.0.jar;C:\Users\taru.jain\.m2\repository\org\springframework\boot\spring-boot-starter-json\3.2.0\spring-boot-starter-json-3.2.0.jar;C:\Users\taru.jain\.m2\repository\com\fasterxml\jackson\datatype\jackson-datatype-jdk8\2.15.3\jackson-datatype-jdk8-2.15.3.jar;C:\Users\taru.jain\.m2\repository\com\fasterxml\jackson\datatype\jackson-datatype-jsr310\2.15.3\jackson-datatype-jsr310-2.15.3.jar;C:\Users\taru.jain\.m2\repository\com\fasterxml\jackson\module\jackson-module-parameter-names\2.15.3\jackson-module-parameter-names-2.15.3.jar;C:\Users\taru.jain\.m2\repository\org\springframework\boot\spring-boot-starter-tomcat\3.2.0\spring-boot-starter-tomcat-3.2.0.jar;C:\Users\taru.jain\.m2\repository\org\apache\tomcat\embed\tomcat-embed-core\10.1.16\tomcat-embed-core-10.1.16.jar;C:\Users\taru.jain\.m2\repository\org\apache\tomcat\embed\tomcat-embed-el\10.1.16\tomcat-embed-el-10.1.16.jar;C:\Users\taru.jain\.m2\repository\org\apache\tomcat\embed\tomcat-embed-websocket\10.1.16\tomcat-embed-websocket-10.1.16.jar;C:\Users\taru.jain\.m2\repository\org\springframework\spring-web\6.1.1\spring-web-6.1.1.jar;C:\Users\taru.jain\.m2\repository\io\micrometer\micrometer-observation\1.12.0\micrometer-observation-1.12.0.jar;C:\Users\taru.jain\.m2\repository\io\micrometer\micrometer-commons\1.12.0\micrometer-commons-1.12.0.jar;C:\Users\taru.jain\.m2\repository\org\springframework\spring-webmvc\6.1.1\spring-webmvc-6.1.1.jar;C:\Users\taru.jain\.m2\repository\org\keycloak\keycloak-admin-client\23.0.2\keycloak-admin-client-23.0.2.jar;C:\Users\taru.jain\.m2\repository\org\keycloak\keycloak-core\23.0.2\keycloak-core-23.0.2.jar;C:\Users\taru.jain\.m2\repository\org\keycloak\keycloak-common\23.0.2\keycloak-common-23.0.2.jar;C:\Users\taru.jain\.m2\repository\org\jboss\resteasy\resteasy-client\6.2.4.Final\resteasy-client-6.2.4.Final.jar;C:\Users\taru.jain\.m2\repository\org\jboss\resteasy\resteasy-client-api\6.2.4.Final\resteasy-client-api-6.2.4.Final.jar;C:\Users\taru.jain\.m2\repository\org\jboss\resteasy\resteasy-core-spi\6.2.4.Final\resteasy-core-spi-6.2.4.Final.jar;C:\Users\taru.jain\.m2\repository\jakarta\validation\jakarta.validation-api\3.0.2\jakarta.validation-api-3.0.2.jar;C:\Users\taru.jain\.m2\repository\org\jboss\resteasy\resteasy-core\6.2.4.Final\resteasy-core-6.2.4.Final.jar;C:\Users\taru.jain\.m2\repository\org\jboss\jandex\2.4.3.Final\jandex-2.4.3.Final.jar;C:\Users\taru.jain\.m2\repository\org\eclipse\angus\angus-activation\2.0.1\angus-activation-2.0.1.jar;C:\Users\taru.jain\.m2\repository\com\ibm\async\asyncutil\0.1.0\asyncutil-0.1.0.jar;C:\Users\taru.jain\.m2\repository\commons-codec\commons-codec\1.16.0\commons-codec-1.16.0.jar;C:\Users\taru.jain\.m2\repository\jakarta\ws\rs\jakarta.ws.rs-api\3.1.0\jakarta.ws.rs-api-3.1.0.jar;C:\Users\taru.jain\.m2\repository\org\reactivestreams\reactive-streams\1.0.4\reactive-streams-1.0.4.jar;C:\Users\taru.jain\.m2\repository\org\jboss\resteasy\resteasy-multipart-provider\6.2.4.Final\resteasy-multipart-provider-6.2.4.Final.jar;C:\Users\taru.jain\.m2\repository\jakarta\mail\jakarta.mail-api\2.1.2\jakarta.mail-api-2.1.2.jar;C:\Users\taru.jain\.m2\repository\org\eclipse\angus\angus-mail\2.0.2\angus-mail-2.0.2.jar;C:\Users\taru.jain\.m2\repository\org\apache\james\apache-mime4j-dom\0.8.9\apache-mime4j-dom-0.8.9.jar;C:\Users\taru.jain\.m2\repository\org\apache\james\apache-mime4j-core\0.8.9\apache-mime4j-core-0.8.9.jar;C:\Users\taru.jain\.m2\repository\org\apache\james\apache-mime4j-storage\0.8.9\apache-mime4j-storage-0.8.9.jar;C:\Users\taru.jain\.m2\repository\commons-io\commons-io\2.11.0\commons-io-2.11.0.jar;C:\Users\taru.jain\.m2\repository\org\jboss\resteasy\resteasy-jackson2-provider\6.2.4.Final\resteasy-jackson2-provider-6.2.4.Final.jar;C:\Users\taru.jain\.m2\repository\com\fasterxml\jackson\jakarta\rs\jackson-jakarta-rs-base\2.15.3\jackson-jakarta-rs-base-2.15.3.jar;C:\Users\taru.jain\.m2\repository\com\fasterxml\jackson\jakarta\rs\jackson-jakarta-rs-json-provider\2.15.3\jackson-jakarta-rs-json-provider-2.15.3.jar;C:\Users\taru.jain\.m2\repository\com\fasterxml\jackson\module\jackson-module-jakarta-xmlbind-annotations\2.15.3\jackson-module-jakarta-xmlbind-annotations-2.15.3.jar;C:\Users\taru.jain\.m2\repository\com\github\java-json-tools\json-patch\1.13\json-patch-1.13.jar;C:\Users\taru.jain\.m2\repository\com\github\java-json-tools\msg-simple\1.2\msg-simple-1.2.jar;C:\Users\taru.jain\.m2\repository\com\github\java-json-tools\btf\1.3\btf-1.3.jar;C:\Users\taru.jain\.m2\repository\com\github\java-json-tools\jackson-coreutils\2.0\jackson-coreutils-2.0.jar;C:\Users\taru.jain\.m2\repository\org\jboss\resteasy\resteasy-jaxb-provider\6.2.4.Final\resteasy-jaxb-provider-6.2.4.Final.jar;C:\Users\taru.jain\.m2\repository\org\glassfish\jaxb\codemodel\4.0.4\codemodel-4.0.4.jar;C:\Users\taru.jain\.m2\repository\org\glassfish\jaxb\jaxb-core\4.0.4\jaxb-core-4.0.4.jar;C:\Users\taru.jain\.m2\repository\org\glassfish\jaxb\jaxb-jxc\4.0.4\jaxb-jxc-4.0.4.jar;C:\Users\taru.jain\.m2\repository\org\glassfish\jaxb\jaxb-runtime\4.0.4\jaxb-runtime-4.0.4.jar;C:\Users\taru.jain\.m2\repository\org\glassfish\jaxb\txw2\4.0.4\txw2-4.0.4.jar;C:\Users\taru.jain\.m2\repository\org\glassfish\jaxb\jaxb-xjc\4.0.4\jaxb-xjc-4.0.4.jar;C:\Users\taru.jain\.m2\repository\org\glassfish\jaxb\xsom\4.0.4\xsom-4.0.4.jar;C:\Users\taru.jain\.m2\repository\com\sun\istack\istack-commons-runtime\4.1.2\istack-commons-runtime-4.1.2.jar;C:\Users\taru.jain\.m2\repository\com\sun\istack\istack-commons-tools\4.1.2\istack-commons-tools-4.1.2.jar;C:\Users\taru.jain\.m2\repository\com\sun\xml\bind\external\relaxng-datatype\4.0.2\relaxng-datatype-4.0.2.jar;C:\Users\taru.jain\.m2\repository\com\sun\xml\bind\external\rngom\4.0.2\rngom-4.0.2.jar;C:\Users\taru.jain\.m2\repository\com\mashape\unirest\unirest-java\1.4.9\unirest-java-1.4.9.jar;C:\Users\taru.jain\.m2\repository\org\apache\httpcomponents\httpclient\4.5.2\httpclient-4.5.2.jar;C:\Users\taru.jain\.m2\repository\org\apache\httpcomponents\httpcore\4.4.16\httpcore-4.4.16.jar;C:\Users\taru.jain\.m2\repository\commons-logging\commons-logging\1.2\commons-logging-1.2.jar;C:\Users\taru.jain\.m2\repository\org\apache\httpcomponents\httpasyncclient\4.1.5\httpasyncclient-4.1.5.jar;C:\Users\taru.jain\.m2\repository\org\apache\httpcomponents\httpcore-nio\4.4.16\httpcore-nio-4.4.16.jar;C:\Users\taru.jain\.m2\repository\org\apache\httpcomponents\httpmime\4.5.2\httpmime-4.5.2.jar;C:\Users\taru.jain\.m2\repository\org\json\json\20160212\json-20160212.jar;C:\Users\taru.jain\.m2\repository\org\projectlombok\lombok\1.18.30\lombok-1.18.30.jar;C:\Users\taru.jain\.m2\repository\org\springframework\boot\spring-boot-devtools\3.2.0\spring-boot-devtools-3.2.0.jar;C:\Users\taru.jain\.m2\repository\org\springframework\boot\spring-boot\3.2.0\spring-boot-3.2.0.jar;C:\Users\taru.jain\.m2\repository\org\springframework\boot\spring-boot-autoconfigure\3.2.0\spring-boot-autoconfigure-3.2.0.jar;C:\Users\taru.jain\.m2\repository\org\springframework\boot\spring-boot-starter-test\3.2.0\spring-boot-starter-test-3.2.0.jar;C:\Users\taru.jain\.m2\repository\org\springframework\boot\spring-boot-test\3.2.0\spring-boot-test-3.2.0.jar;C:\Users\taru.jain\.m2\repository\org\springframework\boot\spring-boot-test-autoconfigure\3.2.0\spring-boot-test-autoconfigure-3.2.0.jar;C:\Users\taru.jain\.m2\repository\com\jayway\jsonpath\json-path\2.8.0\json-path-2.8.0.jar;C:\Users\taru.jain\.m2\repository\jakarta\xml\bind\jakarta.xml.bind-api\4.0.1\jakarta.xml.bind-api-4.0.1.jar;C:\Users\taru.jain\.m2\repository\jakarta\activation\jakarta.activation-api\2.1.2\jakarta.activation-api-2.1.2.jar;C:\Users\taru.jain\.m2\repository\net\minidev\json-smart\2.5.0\json-smart-2.5.0.jar;C:\Users\taru.jain\.m2\repository\net\minidev\accessors-smart\2.5.0\accessors-smart-2.5.0.jar;C:\Users\taru.jain\.m2\repository\org\ow2\asm\asm\9.3\asm-9.3.jar;C:\Users\taru.jain\.m2\repository\org\assertj\assertj-core\3.24.2\assertj-core-3.24.2.jar;C:\Users\taru.jain\.m2\repository\net\bytebuddy\byte-buddy\1.14.10\byte-buddy-1.14.10.jar;C:\Users\taru.jain\.m2\repository\org\awaitility\awaitility\4.2.0\awaitility-4.2.0.jar;C:\Users\taru.jain\.m2\repository\org\hamcrest\hamcrest\2.2\hamcrest-2.2.jar;C:\Users\taru.jain\.m2\repository\org\junit\jupiter\junit-jupiter\5.10.1\junit-jupiter-5.10.1.jar;C:\Users\taru.jain\.m2\repository\org\junit\jupiter\junit-jupiter-api\5.10.1\junit-jupiter-api-5.10.1.jar;C:\Users\taru.jain\.m2\repository\org\opentest4j\opentest4j\1.3.0\opentest4j-1.3.0.jar;C:\Users\taru.jain\.m2\repository\org\junit\platform\junit-platform-commons\1.10.1\junit-platform-commons-1.10.1.jar;C:\Users\taru.jain\.m2\repository\org\apiguardian\apiguardian-api\1.1.2\apiguardian-api-1.1.2.jar;C:\Users\taru.jain\.m2\repository\org\junit\jupiter\junit-jupiter-params\5.10.1\junit-jupiter-params-5.10.1.jar;C:\Users\taru.jain\.m2\repository\org\junit\jupiter\junit-jupiter-engine\5.10.1\junit-jupiter-engine-5.10.1.jar;C:\Users\taru.jain\.m2\repository\org\junit\platform\junit-platform-engine\1.10.1\junit-platform-engine-1.10.1.jar;C:\Users\taru.jain\.m2\repository\org\mockito\mockito-core\5.7.0\mockito-core-5.7.0.jar;C:\Users\taru.jain\.m2\repository\net\bytebuddy\byte-buddy-agent\1.14.10\byte-buddy-agent-1.14.10.jar;C:\Users\taru.jain\.m2\repository\org\objenesis\objenesis\3.3\objenesis-3.3.jar;C:\Users\taru.jain\.m2\repository\org\mockito\mockito-junit-jupiter\5.7.0\mockito-junit-jupiter-5.7.0.jar;C:\Users\taru.jain\.m2\repository\org\skyscreamer\jsonassert\1.5.1\jsonassert-1.5.1.jar;C:\Users\taru.jain\.m2\repository\com\vaadin\external\google\android-json\0.0.20131108.vaadin1\android-json-0.0.20131108.vaadin1.jar;C:\Users\taru.jain\.m2\repository\org\springframework\spring-core\6.1.1\spring-core-6.1.1.jar;C:\Users\taru.jain\.m2\repository\org\springframework\spring-jcl\6.1.1\spring-jcl-6.1.1.jar;C:\Users\taru.jain\.m2\repository\org\springframework\spring-test\6.1.1\spring-test-6.1.1.jar;C:\Users\taru.jain\.m2\repository\org\xmlunit\xmlunit-core\2.9.1\xmlunit-core-2.9.1.jar;C:\Users\taru.jain\.m2\repository\org\springframework\security\spring-security-test\6.2.0\spring-security-test-6.2.0.jar;C:\Users\taru.jain\.m2\repository\org\springframework\security\spring-security-core\6.2.0\spring-security-core-6.2.0.jar;C:\Users\taru.jain\.m2\repository\org\springframework\security\spring-security-crypto\6.2.0\spring-security-crypto-6.2.0.jar;"/>
    <property name="java.vm.vendor" value="Oracle Corporation"/>
    <property name="sun.arch.data.model" value="64"/>
    <property name="user.variant" value=""/>
    <property name="java.vendor.url" value="https://java.oracle.com/"/>
    <property name="user.timezone" value="Asia/Calcutta"/>
    <property name="org.jboss.logging.provider" value="slf4j"/>
    <property name="os.name" value="Windows 10"/>
    <property name="java.vm.specification.version" value="17"/>
    <property name="sun.java.launcher" value="SUN_STANDARD"/>
    <property name="user.country" value="IN"/>
    <property name="sun.boot.library.path" value="C:\Program Files\Java\jdk-17.0.5\bin"/>
    <property name="sun.java.command" value="C:\Users\taru.jain\AppData\Local\Temp\surefire5511215281839886934\surefirebooter-20231221163216308_3.jar C:\Users\taru.jain\AppData\Local\Temp\surefire5511215281839886934 2023-12-21T16-32-16_026-jvmRun1 surefire-20231221163216308_1tmp surefire_0-20231221163216308_2tmp"/>
    <property name="jdk.debug" value="release"/>
    <property name="surefire.test.class.path" value="D:\AddingUser\target\test-classes;D:\AddingUser\target\classes;C:\Users\taru.jain\.m2\repository\org\keycloak\keycloak-spring-boot-starter\23.0.2\keycloak-spring-boot-starter-23.0.2.jar;C:\Users\taru.jain\.m2\repository\org\keycloak\keycloak-spring-boot-2-adapter\23.0.2\keycloak-spring-boot-2-adapter-23.0.2.jar;C:\Users\taru.jain\.m2\repository\org\keycloak\keycloak-spring-boot-adapter-core\23.0.2\keycloak-spring-boot-adapter-core-23.0.2.jar;C:\Users\taru.jain\.m2\repository\org\jboss\logging\jboss-logging\3.5.3.Final\jboss-logging-3.5.3.Final.jar;C:\Users\taru.jain\.m2\repository\org\keycloak\keycloak-authz-client\23.0.2\keycloak-authz-client-23.0.2.jar;C:\Users\taru.jain\.m2\repository\org\springframework\boot\spring-boot-starter\3.2.0\spring-boot-starter-3.2.0.jar;C:\Users\taru.jain\.m2\repository\org\springframework\boot\spring-boot-starter-logging\3.2.0\spring-boot-starter-logging-3.2.0.jar;C:\Users\taru.jain\.m2\repository\ch\qos\logback\logback-classic\1.4.11\logback-classic-1.4.11.jar;C:\Users\taru.jain\.m2\repository\ch\qos\logback\logback-core\1.4.11\logback-core-1.4.11.jar;C:\Users\taru.jain\.m2\repository\org\apache\logging\log4j\log4j-to-slf4j\2.21.1\log4j-to-slf4j-2.21.1.jar;C:\Users\taru.jain\.m2\repository\org\apache\logging\log4j\log4j-api\2.21.1\log4j-api-2.21.1.jar;C:\Users\taru.jain\.m2\repository\org\slf4j\jul-to-slf4j\2.0.9\jul-to-slf4j-2.0.9.jar;C:\Users\taru.jain\.m2\repository\jakarta\annotation\jakarta.annotation-api\2.1.1\jakarta.annotation-api-2.1.1.jar;C:\Users\taru.jain\.m2\repository\org\yaml\snakeyaml\2.2\snakeyaml-2.2.jar;C:\Users\taru.jain\.m2\repository\org\keycloak\spring-boot-container-bundle\23.0.2\spring-boot-container-bundle-23.0.2.jar;C:\Users\taru.jain\.m2\repository\org\keycloak\keycloak-adapter-core\23.0.2\keycloak-adapter-core-23.0.2.jar;C:\Users\taru.jain\.m2\repository\org\keycloak\keycloak-crypto-default\23.0.2\keycloak-crypto-default-23.0.2.jar;C:\Users\taru.jain\.m2\repository\org\keycloak\keycloak-server-spi\23.0.2\keycloak-server-spi-23.0.2.jar;C:\Users\taru.jain\.m2\repository\org\keycloak\keycloak-server-spi-private\23.0.2\keycloak-server-spi-private-23.0.2.jar;C:\Users\taru.jain\.m2\repository\org\bouncycastle\bcpkix-jdk18on\1.74\bcpkix-jdk18on-1.74.jar;C:\Users\taru.jain\.m2\repository\org\bouncycastle\bcutil-jdk18on\1.74\bcutil-jdk18on-1.74.jar;C:\Users\taru.jain\.m2\repository\org\keycloak\keycloak-spring-security-adapter\23.0.2\keycloak-spring-security-adapter-23.0.2.jar;C:\Users\taru.jain\.m2\repository\org\keycloak\keycloak-adapter-spi\23.0.2\keycloak-adapter-spi-23.0.2.jar;C:\Users\taru.jain\.m2\repository\org\keycloak\keycloak-policy-enforcer\23.0.2\keycloak-policy-enforcer-23.0.2.jar;C:\Users\taru.jain\.m2\repository\org\slf4j\slf4j-api\2.0.9\slf4j-api-2.0.9.jar;C:\Users\taru.jain\.m2\repository\org\bouncycastle\bcprov-jdk18on\1.74\bcprov-jdk18on-1.74.jar;C:\Users\taru.jain\.m2\repository\com\fasterxml\jackson\core\jackson-core\2.15.3\jackson-core-2.15.3.jar;C:\Users\taru.jain\.m2\repository\com\fasterxml\jackson\core\jackson-databind\2.15.3\jackson-databind-2.15.3.jar;C:\Users\taru.jain\.m2\repository\com\fasterxml\jackson\core\jackson-annotations\2.15.3\jackson-annotations-2.15.3.jar;C:\Users\taru.jain\.m2\repository\org\springframework\boot\spring-boot-starter-security\3.2.0\spring-boot-starter-security-3.2.0.jar;C:\Users\taru.jain\.m2\repository\org\springframework\spring-aop\6.1.1\spring-aop-6.1.1.jar;C:\Users\taru.jain\.m2\repository\org\springframework\spring-beans\6.1.1\spring-beans-6.1.1.jar;C:\Users\taru.jain\.m2\repository\org\springframework\security\spring-security-config\6.2.0\spring-security-config-6.2.0.jar;C:\Users\taru.jain\.m2\repository\org\springframework\spring-context\6.1.1\spring-context-6.1.1.jar;C:\Users\taru.jain\.m2\repository\org\springframework\security\spring-security-web\6.2.0\spring-security-web-6.2.0.jar;C:\Users\taru.jain\.m2\repository\org\springframework\spring-expression\6.1.1\spring-expression-6.1.1.jar;C:\Users\taru.jain\.m2\repository\org\springframework\boot\spring-boot-starter-web\3.2.0\spring-boot-starter-web-3.2.0.jar;C:\Users\taru.jain\.m2\repository\org\springframework\boot\spring-boot-starter-json\3.2.0\spring-boot-starter-json-3.2.0.jar;C:\Users\taru.jain\.m2\repository\com\fasterxml\jackson\datatype\jackson-datatype-jdk8\2.15.3\jackson-datatype-jdk8-2.15.3.jar;C:\Users\taru.jain\.m2\repository\com\fasterxml\jackson\datatype\jackson-datatype-jsr310\2.15.3\jackson-datatype-jsr310-2.15.3.jar;C:\Users\taru.jain\.m2\repository\com\fasterxml\jackson\module\jackson-module-parameter-names\2.15.3\jackson-module-parameter-names-2.15.3.jar;C:\Users\taru.jain\.m2\repository\org\springframework\boot\spring-boot-starter-tomcat\3.2.0\spring-boot-starter-tomcat-3.2.0.jar;C:\Users\taru.jain\.m2\repository\org\apache\tomcat\embed\tomcat-embed-core\10.1.16\tomcat-embed-core-10.1.16.jar;C:\Users\taru.jain\.m2\repository\org\apache\tomcat\embed\tomcat-embed-el\10.1.16\tomcat-embed-el-10.1.16.jar;C:\Users\taru.jain\.m2\repository\org\apache\tomcat\embed\tomcat-embed-websocket\10.1.16\tomcat-embed-websocket-10.1.16.jar;C:\Users\taru.jain\.m2\repository\org\springframework\spring-web\6.1.1\spring-web-6.1.1.jar;C:\Users\taru.jain\.m2\repository\io\micrometer\micrometer-observation\1.12.0\micrometer-observation-1.12.0.jar;C:\Users\taru.jain\.m2\repository\io\micrometer\micrometer-commons\1.12.0\micrometer-commons-1.12.0.jar;C:\Users\taru.jain\.m2\repository\org\springframework\spring-webmvc\6.1.1\spring-webmvc-6.1.1.jar;C:\Users\taru.jain\.m2\repository\org\keycloak\keycloak-admin-client\23.0.2\keycloak-admin-client-23.0.2.jar;C:\Users\taru.jain\.m2\repository\org\keycloak\keycloak-core\23.0.2\keycloak-core-23.0.2.jar;C:\Users\taru.jain\.m2\repository\org\keycloak\keycloak-common\23.0.2\keycloak-common-23.0.2.jar;C:\Users\taru.jain\.m2\repository\org\jboss\resteasy\resteasy-client\6.2.4.Final\resteasy-client-6.2.4.Final.jar;C:\Users\taru.jain\.m2\repository\org\jboss\resteasy\resteasy-client-api\6.2.4.Final\resteasy-client-api-6.2.4.Final.jar;C:\Users\taru.jain\.m2\repository\org\jboss\resteasy\resteasy-core-spi\6.2.4.Final\resteasy-core-spi-6.2.4.Final.jar;C:\Users\taru.jain\.m2\repository\jakarta\validation\jakarta.validation-api\3.0.2\jakarta.validation-api-3.0.2.jar;C:\Users\taru.jain\.m2\repository\org\jboss\resteasy\resteasy-core\6.2.4.Final\resteasy-core-6.2.4.Final.jar;C:\Users\taru.jain\.m2\repository\org\jboss\jandex\2.4.3.Final\jandex-2.4.3.Final.jar;C:\Users\taru.jain\.m2\repository\org\eclipse\angus\angus-activation\2.0.1\angus-activation-2.0.1.jar;C:\Users\taru.jain\.m2\repository\com\ibm\async\asyncutil\0.1.0\asyncutil-0.1.0.jar;C:\Users\taru.jain\.m2\repository\commons-codec\commons-codec\1.16.0\commons-codec-1.16.0.jar;C:\Users\taru.jain\.m2\repository\jakarta\ws\rs\jakarta.ws.rs-api\3.1.0\jakarta.ws.rs-api-3.1.0.jar;C:\Users\taru.jain\.m2\repository\org\reactivestreams\reactive-streams\1.0.4\reactive-streams-1.0.4.jar;C:\Users\taru.jain\.m2\repository\org\jboss\resteasy\resteasy-multipart-provider\6.2.4.Final\resteasy-multipart-provider-6.2.4.Final.jar;C:\Users\taru.jain\.m2\repository\jakarta\mail\jakarta.mail-api\2.1.2\jakarta.mail-api-2.1.2.jar;C:\Users\taru.jain\.m2\repository\org\eclipse\angus\angus-mail\2.0.2\angus-mail-2.0.2.jar;C:\Users\taru.jain\.m2\repository\org\apache\james\apache-mime4j-dom\0.8.9\apache-mime4j-dom-0.8.9.jar;C:\Users\taru.jain\.m2\repository\org\apache\james\apache-mime4j-core\0.8.9\apache-mime4j-core-0.8.9.jar;C:\Users\taru.jain\.m2\repository\org\apache\james\apache-mime4j-storage\0.8.9\apache-mime4j-storage-0.8.9.jar;C:\Users\taru.jain\.m2\repository\commons-io\commons-io\2.11.0\commons-io-2.11.0.jar;C:\Users\taru.jain\.m2\repository\org\jboss\resteasy\resteasy-jackson2-provider\6.2.4.Final\resteasy-jackson2-provider-6.2.4.Final.jar;C:\Users\taru.jain\.m2\repository\com\fasterxml\jackson\jakarta\rs\jackson-jakarta-rs-base\2.15.3\jackson-jakarta-rs-base-2.15.3.jar;C:\Users\taru.jain\.m2\repository\com\fasterxml\jackson\jakarta\rs\jackson-jakarta-rs-json-provider\2.15.3\jackson-jakarta-rs-json-provider-2.15.3.jar;C:\Users\taru.jain\.m2\repository\com\fasterxml\jackson\module\jackson-module-jakarta-xmlbind-annotations\2.15.3\jackson-module-jakarta-xmlbind-annotations-2.15.3.jar;C:\Users\taru.jain\.m2\repository\com\github\java-json-tools\json-patch\1.13\json-patch-1.13.jar;C:\Users\taru.jain\.m2\repository\com\github\java-json-tools\msg-simple\1.2\msg-simple-1.2.jar;C:\Users\taru.jain\.m2\repository\com\github\java-json-tools\btf\1.3\btf-1.3.jar;C:\Users\taru.jain\.m2\repository\com\github\java-json-tools\jackson-coreutils\2.0\jackson-coreutils-2.0.jar;C:\Users\taru.jain\.m2\repository\org\jboss\resteasy\resteasy-jaxb-provider\6.2.4.Final\resteasy-jaxb-provider-6.2.4.Final.jar;C:\Users\taru.jain\.m2\repository\org\glassfish\jaxb\codemodel\4.0.4\codemodel-4.0.4.jar;C:\Users\taru.jain\.m2\repository\org\glassfish\jaxb\jaxb-core\4.0.4\jaxb-core-4.0.4.jar;C:\Users\taru.jain\.m2\repository\org\glassfish\jaxb\jaxb-jxc\4.0.4\jaxb-jxc-4.0.4.jar;C:\Users\taru.jain\.m2\repository\org\glassfish\jaxb\jaxb-runtime\4.0.4\jaxb-runtime-4.0.4.jar;C:\Users\taru.jain\.m2\repository\org\glassfish\jaxb\txw2\4.0.4\txw2-4.0.4.jar;C:\Users\taru.jain\.m2\repository\org\glassfish\jaxb\jaxb-xjc\4.0.4\jaxb-xjc-4.0.4.jar;C:\Users\taru.jain\.m2\repository\org\glassfish\jaxb\xsom\4.0.4\xsom-4.0.4.jar;C:\Users\taru.jain\.m2\repository\com\sun\istack\istack-commons-runtime\4.1.2\istack-commons-runtime-4.1.2.jar;C:\Users\taru.jain\.m2\repository\com\sun\istack\istack-commons-tools\4.1.2\istack-commons-tools-4.1.2.jar;C:\Users\taru.jain\.m2\repository\com\sun\xml\bind\external\relaxng-datatype\4.0.2\relaxng-datatype-4.0.2.jar;C:\Users\taru.jain\.m2\repository\com\sun\xml\bind\external\rngom\4.0.2\rngom-4.0.2.jar;C:\Users\taru.jain\.m2\repository\com\mashape\unirest\unirest-java\1.4.9\unirest-java-1.4.9.jar;C:\Users\taru.jain\.m2\repository\org\apache\httpcomponents\httpclient\4.5.2\httpclient-4.5.2.jar;C:\Users\taru.jain\.m2\repository\org\apache\httpcomponents\httpcore\4.4.16\httpcore-4.4.16.jar;C:\Users\taru.jain\.m2\repository\commons-logging\commons-logging\1.2\commons-logging-1.2.jar;C:\Users\taru.jain\.m2\repository\org\apache\httpcomponents\httpasyncclient\4.1.5\httpasyncclient-4.1.5.jar;C:\Users\taru.jain\.m2\repository\org\apache\httpcomponents\httpcore-nio\4.4.16\httpcore-nio-4.4.16.jar;C:\Users\taru.jain\.m2\repository\org\apache\httpcomponents\httpmime\4.5.2\httpmime-4.5.2.jar;C:\Users\taru.jain\.m2\repository\org\json\json\20160212\json-20160212.jar;C:\Users\taru.jain\.m2\repository\org\projectlombok\lombok\1.18.30\lombok-1.18.30.jar;C:\Users\taru.jain\.m2\repository\org\springframework\boot\spring-boot-devtools\3.2.0\spring-boot-devtools-3.2.0.jar;C:\Users\taru.jain\.m2\repository\org\springframework\boot\spring-boot\3.2.0\spring-boot-3.2.0.jar;C:\Users\taru.jain\.m2\repository\org\springframework\boot\spring-boot-autoconfigure\3.2.0\spring-boot-autoconfigure-3.2.0.jar;C:\Users\taru.jain\.m2\repository\org\springframework\boot\spring-boot-starter-test\3.2.0\spring-boot-starter-test-3.2.0.jar;C:\Users\taru.jain\.m2\repository\org\springframework\boot\spring-boot-test\3.2.0\spring-boot-test-3.2.0.jar;C:\Users\taru.jain\.m2\repository\org\springframework\boot\spring-boot-test-autoconfigure\3.2.0\spring-boot-test-autoconfigure-3.2.0.jar;C:\Users\taru.jain\.m2\repository\com\jayway\jsonpath\json-path\2.8.0\json-path-2.8.0.jar;C:\Users\taru.jain\.m2\repository\jakarta\xml\bind\jakarta.xml.bind-api\4.0.1\jakarta.xml.bind-api-4.0.1.jar;C:\Users\taru.jain\.m2\repository\jakarta\activation\jakarta.activation-api\2.1.2\jakarta.activation-api-2.1.2.jar;C:\Users\taru.jain\.m2\repository\net\minidev\json-smart\2.5.0\json-smart-2.5.0.jar;C:\Users\taru.jain\.m2\repository\net\minidev\accessors-smart\2.5.0\accessors-smart-2.5.0.jar;C:\Users\taru.jain\.m2\repository\org\ow2\asm\asm\9.3\asm-9.3.jar;C:\Users\taru.jain\.m2\repository\org\assertj\assertj-core\3.24.2\assertj-core-3.24.2.jar;C:\Users\taru.jain\.m2\repository\net\bytebuddy\byte-buddy\1.14.10\byte-buddy-1.14.10.jar;C:\Users\taru.jain\.m2\repository\org\awaitility\awaitility\4.2.0\awaitility-4.2.0.jar;C:\Users\taru.jain\.m2\repository\org\hamcrest\hamcrest\2.2\hamcrest-2.2.jar;C:\Users\taru.jain\.m2\repository\org\junit\jupiter\junit-jupiter\5.10.1\junit-jupiter-5.10.1.jar;C:\Users\taru.jain\.m2\repository\org\junit\jupiter\junit-jupiter-api\5.10.1\junit-jupiter-api-5.10.1.jar;C:\Users\taru.jain\.m2\repository\org\opentest4j\opentest4j\1.3.0\opentest4j-1.3.0.jar;C:\Users\taru.jain\.m2\repository\org\junit\platform\junit-platform-commons\1.10.1\junit-platform-commons-1.10.1.jar;C:\Users\taru.jain\.m2\repository\org\apiguardian\apiguardian-api\1.1.2\apiguardian-api-1.1.2.jar;C:\Users\taru.jain\.m2\repository\org\junit\jupiter\junit-jupiter-params\5.10.1\junit-jupiter-params-5.10.1.jar;C:\Users\taru.jain\.m2\repository\org\junit\jupiter\junit-jupiter-engine\5.10.1\junit-jupiter-engine-5.10.1.jar;C:\Users\taru.jain\.m2\repository\org\junit\platform\junit-platform-engine\1.10.1\junit-platform-engine-1.10.1.jar;C:\Users\taru.jain\.m2\repository\org\mockito\mockito-core\5.7.0\mockito-core-5.7.0.jar;C:\Users\taru.jain\.m2\repository\net\bytebuddy\byte-buddy-agent\1.14.10\byte-buddy-agent-1.14.10.jar;C:\Users\taru.jain\.m2\repository\org\objenesis\objenesis\3.3\objenesis-3.3.jar;C:\Users\taru.jain\.m2\repository\org\mockito\mockito-junit-jupiter\5.7.0\mockito-junit-jupiter-5.7.0.jar;C:\Users\taru.jain\.m2\repository\org\skyscreamer\jsonassert\1.5.1\jsonassert-1.5.1.jar;C:\Users\taru.jain\.m2\repository\com\vaadin\external\google\android-json\0.0.20131108.vaadin1\android-json-0.0.20131108.vaadin1.jar;C:\Users\taru.jain\.m2\repository\org\springframework\spring-core\6.1.1\spring-core-6.1.1.jar;C:\Users\taru.jain\.m2\repository\org\springframework\spring-jcl\6.1.1\spring-jcl-6.1.1.jar;C:\Users\taru.jain\.m2\repository\org\springframework\spring-test\6.1.1\spring-test-6.1.1.jar;C:\Users\taru.jain\.m2\repository\org\xmlunit\xmlunit-core\2.9.1\xmlunit-core-2.9.1.jar;C:\Users\taru.jain\.m2\repository\org\springframework\security\spring-security-test\6.2.0\spring-security-test-6.2.0.jar;C:\Users\taru.jain\.m2\repository\org\springframework\security\spring-security-core\6.2.0\spring-security-core-6.2.0.jar;C:\Users\taru.jain\.m2\repository\org\springframework\security\spring-security-crypto\6.2.0\spring-security-crypto-6.2.0.jar;"/>
    <property name="sun.cpu.endian" value="little"/>
    <property name="user.home" value="C:\Users\taru.jain"/>
    <property name="user.language" value="en"/>
    <property name="java.specification.vendor" value="Oracle Corporation"/>
    <property name="java.version.date" value="2022-10-18"/>
    <property name="java.home" value="C:\Program Files\Java\jdk-17.0.5"/>
    <property name="file.separator" value="\"/>
    <property name="basedir" value="D:\AddingUser"/>
    <property name="java.vm.compressedOopsMode" value="Zero based"/>
    <property name="line.separator" value="&#10;"/>
    <property name="java.vm.specification.vendor" value="Oracle Corporation"/>
    <property name="java.specification.name" value="Java Platform API Specification"/>
    <property name="FILE_LOG_CHARSET" value="windows-1252"/>
    <property name="java.awt.headless" value="true"/>
    <property name="surefire.real.class.path" value="C:\Users\taru.jain\AppData\Local\Temp\surefire5511215281839886934\surefirebooter-20231221163216308_3.jar"/>
    <property name="user.script" value=""/>
    <property name="sun.management.compiler" value="HotSpot 64-Bit Tiered Compilers"/>
    <property name="java.runtime.version" value="17.0.5+9-LTS-191"/>
    <property name="user.name" value="taru.jain"/>
    <property name="path.separator" value=";"/>
    <property name="os.version" value="10.0"/>
    <property name="java.runtime.name" value="Java(TM) SE Runtime Environment"/>
    <property name="file.encoding" value="Cp1252"/>
    <property name="java.vm.name" value="Java HotSpot(TM) 64-Bit Server VM"/>
    <property name="localRepository" value="C:\Users\taru.jain\.m2\repository"/>
    <property name="java.vendor.url.bug" value="https://bugreport.java.com/bugreport/"/>
    <property name="java.io.tmpdir" value="C:\Users\TARU~1.JAI\AppData\Local\Temp\"/>
    <property name="idea.version" value="2022.2.2"/>
    <property name="java.version" value="17.0.5"/>
    <property name="user.dir" value="D:\AddingUser"/>
    <property name="os.arch" value="amd64"/>
    <property name="java.vm.specification.name" value="Java Virtual Machine Specification"/>
    <property name="PID" value="18784"/>
    <property name="sun.os.patch.level" value=""/>
    <property name="CONSOLE_LOG_CHARSET" value="windows-1252"/>
    <property name="native.encoding" value="Cp1252"/>
    <property name="java.library.path" value="C:\Program Files\Java\jdk-17.0.5\bin;C:\Windows\Sun\Java\bin;C:\Windows\system32;C:\Windows;C:\Program Files\Common Files\Oracle\Java\javapath;C:\Program Files (x86)\Common Files\Oracle\Java\javapath;C:\Windows\system32;C:\Windows;C:\Windows\System32\Wbem;C:\Windows\System32\WindowsPowerShell\v1.0\;C:\Windows\System32\OpenSSH\;C:\Program Files\TortoiseGit\bin;C:\Program Files\nodejs\;C:\Program Files\SourceGear\Common\DiffMerge\;C:\Python27;C:\Program Files\Git\cmd;C:\apache-maven-3.8.6\bin;C:\Program Files\Java\jdk-17.0.5;;C:\Program Files\Docker\Docker\resources\bin;C:\Program Files\MySQL\MySQL Shell 8.0\bin\;Variable Path C:\apache-maven-3.8.6\bin;C:\Program Files\Common Files\Oracle\Java\javapath;C:\Program Files (x86)\Common Files\Oracle\Java\javapath;C:\Program Files\Eclipse Adoptium\jdk-17.0.4.101-hotspot\bin;C:\Windows\system32;C:\Windows;C:\Windows\System32\Wbem;C:\Windows\System32\WindowsPowerShell\v1.0\;C:\Windows\System32\OpenSSH\;C:\Program Files\Microsoft SQL Server\150\Tools\Binn\;C:\Program Files\Microsoft SQL Server\Client SDK\ODBC\170\Tools\Binn\;C:\Program Files\TortoiseGit\bin;C:\Program Files\nodejs\;C:\Program Files\SourceGear\Common\DiffMerge\;C:\Program Files (x86)\Microsoft SQL Server\150\Tools\Binn\;C:\Program Files\Microsoft SQL Server\150\DTS\Binn\;C:\Python27;C:\Program Files\Git\cmd;C:\Program Files\Java\jdk-17.0.5\bin;C:\Program Files\Java\jdk-17.0.5\bin;C:\Program Files\Common Files\Oracle\Java\javapath;C:\Program Files (x86)\Common Files\Oracle\Java\javapath;C:\Program Files\Eclipse Adoptium\jdk-17.0.4.101-hotspot\bin;C:\Windows\system32;C:\Windows;C:\Windows\System32\Wbem;C:\Wi;C:\kafka\bin\windows;;C:\Users\taru.jain\AppData\Local\Programs\Microsoft VS Code\bin;."/>
    <property name="java.vm.info" value="mixed mode, sharing"/>
    <property name="java.vendor" value="Oracle Corporation"/>
    <property name="java.vm.version" value="17.0.5+9-LTS-191"/>
    <property name="sun.io.unicode.encoding" value="UnicodeLittle"/>
    <property name="java.class.version" value="61.0"/>
  </properties>
  <testcase name="contextLoads" classname="com.keycloak.AddingUser.AddingUserApplicationTests" time="1.602">
    <system-out><![CDATA[Standard Commons Logging discovery in action with spring-jcl: please remove commons-logging.jar from classpath in order to avoid potential conflicts
16:32:17.952 [main] INFO org.springframework.test.context.support.AnnotationConfigContextLoaderUtils -- Could not detect default configuration classes for test class [com.keycloak.AddingUser.AddingUserApplicationTests]: AddingUserApplicationTests does not declare any static, non-private, non-final, nested classes annotated with @Configuration.
16:32:18.091 [main] INFO org.springframework.boot.test.context.SpringBootTestContextBootstrapper -- Found @SpringBootConfiguration com.keycloak.AddingUser.AddingUserApplication for test class com.keycloak.AddingUser.AddingUserApplicationTests
16:32:18.333 [main] INFO org.springframework.boot.devtools.restart.RestartApplicationListener -- Restart disabled due to context in which it is running

  .   ____          _            __ _ _
 /\\ / ___'_ __ _ _(_)_ __  __ _ \ \ \ \
( ( )\___ | '_ | '_| | '_ \/ _` | \ \ \ \
 \\/  ___)| |_)| | | | | || (_| |  ) ) ) )
  '  |____| .__|_| |_|_| |_\__, | / / / /
 =========|_|==============|___/=/_/_/_/
 :: Spring Boot ::                (v3.2.0)

2023-12-21T16:32:18.691+05:30  WARN 18784 --- [           main] ory$DuplicateJsonObjectContextCustomizer : 

Found multiple occurrences of org.json.JSONObject on the class path:

	jar:file:/C:/Users/taru.jain/.m2/repository/org/json/json/20160212/json-20160212.jar!/org/json/JSONObject.class
	jar:file:/C:/Users/taru.jain/.m2/repository/com/vaadin/external/google/android-json/0.0.20131108.vaadin1/android-json-0.0.20131108.vaadin1.jar!/org/json/JSONObject.class

You may wish to exclude one of them to ensure predictable runtime behavior

2023-12-21T16:32:18.725+05:30  INFO 18784 --- [           main] c.k.A.AddingUserApplicationTests         : Starting AddingUserApplicationTests using Java 17.0.5 with PID 18784 (started by taru.jain in D:\AddingUser)
2023-12-21T16:32:18.726+05:30  INFO 18784 --- [           main] c.k.A.AddingUserApplicationTests         : No active profile set, falling back to 1 default profile: "default"
2023-12-21T16:32:21.060+05:30  WARN 18784 --- [           main] .s.s.UserDetailsServiceAutoConfiguration : 

Using generated security password: 9e0af101-e285-4f51-a4ec-560454cc4796

This generated password is for development use only. Your security configuration must be updated before running your application in production.

2023-12-21T16:32:21.330+05:30  INFO 18784 --- [           main] o.s.s.web.DefaultSecurityFilterChain     : Will secure any request with [org.springframework.security.web.session.DisableEncodeUrlFilter@44dc7b7d, org.springframework.security.web.context.request.async.WebAsyncManagerIntegrationFilter@15fb4566, org.springframework.security.web.context.SecurityContextHolderFilter@61615b4a, org.springframework.security.web.header.HeaderWriterFilter@56b8aaf1, org.springframework.web.filter.CorsFilter@25ffd826, org.springframework.security.web.csrf.CsrfFilter@6b1b19cf, org.springframework.security.web.authentication.logout.LogoutFilter@13bdf540, org.springframework.security.web.authentication.UsernamePasswordAuthenticationFilter@208205ed, org.springframework.security.web.authentication.ui.DefaultLoginPageGeneratingFilter@70029d2d, org.springframework.security.web.authentication.ui.DefaultLogoutPageGeneratingFilter@29896529, org.springframework.security.web.authentication.www.BasicAuthenticationFilter@77f4c040, org.springframework.security.web.savedrequest.RequestCacheAwareFilter@33bb3f86, org.springframework.security.web.servletapi.SecurityContextHolderAwareRequestFilter@1946384, org.springframework.security.web.authentication.AnonymousAuthenticationFilter@e29f4f6, org.springframework.security.web.access.ExceptionTranslationFilter@373e6b9d, org.springframework.security.web.access.intercept.AuthorizationFilter@22bf9122]
2023-12-21T16:32:21.418+05:30  INFO 18784 --- [           main] c.k.A.AddingUserApplicationTests         : Started AddingUserApplicationTests in 3.107 seconds (process running for 4.62)
]]></system-out>
  </testcase>
</testsuite>